<?xml version="1.0" encoding="UTF-8"?>
<testsuite xmlns:xsi="http://www.w3.org/2001/XMLSchema-instance" xsi:noNamespaceSchemaLocation="https://maven.apache.org/surefire/maven-surefire-plugin/xsd/surefire-test-report-3.0.xsd" version="3.0" name="com.nnk.springboot.BidTests" time="8.885" tests="1" errors="0" skipped="0" failures="0">
  <properties>
[...]
</properties>
  <testcase name="bidListTest" classname="com.nnk.springboot.BidTests" time="0.905">
    <system-out><![CDATA[17:11:52.861 [main] INFO org.springframework.test.context.support.AnnotationConfigContextLoaderUtils -- Could not detect default configuration classes for test class [com.nnk.springboot.BidTests]: BidTests does not declare any static, non-private, non-final, nested classes annotated with @Configuration.
17:11:52.981 [main] INFO org.springframework.boot.test.context.SpringBootTestContextBootstrapper -- Found @SpringBootConfiguration com.nnk.springboot.Application for test class com.nnk.springboot.BidTests

  .   ____          _            __ _ _
 /\\ / ___'_ __ _ _(_)_ __  __ _ \ \ \ \
( ( )\___ | '_ | '_| | '_ \/ _` | \ \ \ \
 \\/  ___)| |_)| | | | | || (_| |  ) ) ) )
  '  |____| .__|_| |_|_| |_\__, | / / / /
 =========|_|==============|___/=/_/_/_/
 :: Spring Boot ::                (v3.1.0)

2025-12-18T17:11:53.488+01:00  INFO 16828 --- [           main] com.nnk.springboot.BidTests              : Starting BidTests using Java 21.0.7 with PID 16828 (started by desir in C:\Users\desir\IdeaProjects\JavaDA_PROJECT7_RESTAPI\Poseiden-skeleton)
2025-12-18T17:11:53.489+01:00  INFO 16828 --- [           main] com.nnk.springboot.BidTests              : No active profile set, falling back to 1 default profile: "default"
2025-12-18T17:11:54.475+01:00  INFO 16828 --- [           main] .s.d.r.c.RepositoryConfigurationDelegate : Bootstrapping Spring Data JPA repositories in DEFAULT mode.
2025-12-18T17:11:54.590+01:00  INFO 16828 --- [           main] .s.d.r.c.RepositoryConfigurationDelegate : Finished Spring Data repository scanning in 101 ms. Found 6 JPA repository interfaces.
2025-12-18T17:11:55.380+01:00  INFO 16828 --- [           main] o.hibernate.jpa.internal.util.LogHelper  : HHH000204: Processing PersistenceUnitInfo [name: default]
2025-12-18T17:11:55.503+01:00  INFO 16828 --- [           main] org.hibernate.Version                    : HHH000412: Hibernate ORM core version 6.2.2.Final
2025-12-18T17:11:55.508+01:00  INFO 16828 --- [           main] org.hibernate.cfg.Environment            : HHH000406: Using bytecode reflection optimizer
2025-12-18T17:11:55.868+01:00  INFO 16828 --- [           main] o.h.b.i.BytecodeProviderInitiator        : HHH000021: Bytecode provider name : bytebuddy
2025-12-18T17:11:56.167+01:00  INFO 16828 --- [           main] o.s.o.j.p.SpringPersistenceUnitInfo      : No LoadTimeWeaver setup: ignoring JPA class transformer
2025-12-18T17:11:56.196+01:00  INFO 16828 --- [           main] com.zaxxer.hikari.HikariDataSource       : HikariPool-1 - Starting...
2025-12-18T17:11:57.077+01:00  INFO 16828 --- [           main] com.zaxxer.hikari.pool.HikariPool        : HikariPool-1 - Added connection com.mysql.cj.jdbc.ConnectionImpl@156cfa20
2025-12-18T17:11:57.081+01:00  INFO 16828 --- [           main] com.zaxxer.hikari.HikariDataSource       : HikariPool-1 - Start completed.
2025-12-18T17:11:57.229+01:00  INFO 16828 --- [           main] org.hibernate.orm.dialect                : HHH035001: Using dialect: org.hibernate.dialect.MySQLDialect, version: 8.0.43
2025-12-18T17:11:57.676+01:00  INFO 16828 --- [           main] o.h.b.i.BytecodeProviderInitiator        : HHH000021: Bytecode provider name : bytebuddy
2025-12-18T17:11:58.635+01:00  INFO 16828 --- [           main] o.h.e.t.j.p.i.JtaPlatformInitiator       : HHH000490: Using JtaPlatform implementation: [org.hibernate.engine.transaction.jta.platform.internal.NoJtaPlatform]
Hibernate: alter table bidlist modify column ask  float(53)
Hibernate: alter table bidlist modify column ask_quantity  float(53)
Hibernate: alter table bidlist modify column bid  float(53)
Hibernate: alter table bidlist modify column bid_list_date  datetime(6)
Hibernate: alter table bidlist modify column bid_quantity  float(53)
Hibernate: alter table bidlist modify column creation_date  datetime(6)
Hibernate: alter table bidlist modify column revision_date  datetime(6)
Hibernate: alter table curvepoint modify column as_of_date  datetime(6)
Hibernate: alter table curvepoint modify column creation_date  datetime(6)
Hibernate: alter table curvepoint modify column term  float(53) not null
Hibernate: alter table curvepoint modify column value  float(53) not null
Hibernate: alter table trade modify column buy_quantity  float(53)
2025-12-18T17:11:58.851+01:00  INFO 16828 --- [           main] j.LocalContainerEntityManagerFactoryBean : Initialized JPA EntityManagerFactory for persistence unit 'default'
2025-12-18T17:11:59.581+01:00  WARN 16828 --- [           main] JpaBaseConfiguration$JpaWebConfiguration : spring.jpa.open-in-view is enabled by default. Therefore, database queries may be performed during view rendering. Explicitly configure spring.jpa.open-in-view to disable this warning
2025-12-18T17:12:00.111+01:00  INFO 16828 --- [           main] o.s.s.web.DefaultSecurityFilterChain     : Will secure any request with [org.springframework.security.web.session.DisableEncodeUrlFilter@1067bc4c, org.springframework.security.web.context.request.async.WebAsyncManagerIntegrationFilter@69ee0861, org.springframework.security.web.context.SecurityContextHolderFilter@4c81e7c2, org.springframework.security.web.header.HeaderWriterFilter@3b171fbd, org.springframework.security.web.csrf.CsrfFilter@3358805a, org.springframework.security.web.authentication.logout.LogoutFilter@2b69ff13, org.springframework.security.web.authentication.UsernamePasswordAuthenticationFilter@37f0fb02, org.springframework.security.web.savedrequest.RequestCacheAwareFilter@21e15093, org.springframework.security.web.servletapi.SecurityContextHolderAwareRequestFilter@285ac29, org.springframework.security.web.authentication.AnonymousAuthenticationFilter@5de6c7d7, org.springframework.security.web.access.ExceptionTranslationFilter@7d086485, org.springframework.security.web.access.intercept.AuthorizationFilter@376bae20]
2025-12-18T17:12:00.620+01:00  INFO 16828 --- [           main] com.nnk.springboot.BidTests              : Started BidTests in 7.447 seconds (process running for 8.703)
Hibernate: insert into bidlist (account,ask,ask_quantity,benchmark,bid,bid_list_date,bid_quantity,book,commentary,creation_date,creation_name,deal_name,deal_type,revision_date,revision_name,security,side,source_list_id,status,trader,type) values (?,?,?,?,?,?,?,?,?,?,?,?,?,?,?,?,?,?,?,?,?)
Hibernate: select b1_0.bid_list_id,b1_0.account,b1_0.ask,b1_0.ask_quantity,b1_0.benchmark,b1_0.bid,b1_0.bid_list_date,b1_0.bid_quantity,b1_0.book,b1_0.commentary,b1_0.creation_date,b1_0.creation_name,b1_0.deal_name,b1_0.deal_type,b1_0.revision_date,b1_0.revision_name,b1_0.security,b1_0.side,b1_0.source_list_id,b1_0.status,b1_0.trader,b1_0.type from bidlist b1_0 where b1_0.bid_list_id=?
Hibernate: update bidlist set account=?,ask=?,ask_quantity=?,benchmark=?,bid=?,bid_list_date=?,bid_quantity=?,book=?,commentary=?,creation_date=?,creation_name=?,deal_name=?,deal_type=?,revision_date=?,revision_name=?,security=?,side=?,source_list_id=?,status=?,trader=?,type=? where bid_list_id=?
Hibernate: select b1_0.bid_list_id,b1_0.account,b1_0.ask,b1_0.ask_quantity,b1_0.benchmark,b1_0.bid,b1_0.bid_list_date,b1_0.bid_quantity,b1_0.book,b1_0.commentary,b1_0.creation_date,b1_0.creation_name,b1_0.deal_name,b1_0.deal_type,b1_0.revision_date,b1_0.revision_name,b1_0.security,b1_0.side,b1_0.source_list_id,b1_0.status,b1_0.trader,b1_0.type from bidlist b1_0
Hibernate: select b1_0.bid_list_id,b1_0.account,b1_0.ask,b1_0.ask_quantity,b1_0.benchmark,b1_0.bid,b1_0.bid_list_date,b1_0.bid_quantity,b1_0.book,b1_0.commentary,b1_0.creation_date,b1_0.creation_name,b1_0.deal_name,b1_0.deal_type,b1_0.revision_date,b1_0.revision_name,b1_0.security,b1_0.side,b1_0.source_list_id,b1_0.status,b1_0.trader,b1_0.type from bidlist b1_0 where b1_0.bid_list_id=?
Hibernate: delete from bidlist where bid_list_id=?
Hibernate: select b1_0.bid_list_id,b1_0.account,b1_0.ask,b1_0.ask_quantity,b1_0.benchmark,b1_0.bid,b1_0.bid_list_date,b1_0.bid_quantity,b1_0.book,b1_0.commentary,b1_0.creation_date,b1_0.creation_name,b1_0.deal_name,b1_0.deal_type,b1_0.revision_date,b1_0.revision_name,b1_0.security,b1_0.side,b1_0.source_list_id,b1_0.status,b1_0.trader,b1_0.type from bidlist b1_0 where b1_0.bid_list_id=?
]]></system-out>
    <system-err><![CDATA[WARNING: A Java agent has been loaded dynamically (C:\Users\desir\.m2\repository\net\bytebuddy\byte-buddy-agent\1.14.4\byte-buddy-agent-1.14.4.jar)
WARNING: If a serviceability tool is in use, please run with -XX:+EnableDynamicAgentLoading to hide this warning
WARNING: If a serviceability tool is not in use, please run with -Djdk.instrument.traceUsage for more information
WARNING: Dynamic loading of agents will be disallowed by default in a future release
]]></system-err>
  </testcase>
</testsuite>